SF:lib/actions/actions.dart
DA:3,2
DA:8,2
DA:13,4
DA:18,2
DA:25,2
LF:5
LH:5
end_of_record
SF:lib/models/app_state.dart
DA:8,5
LF:1
LH:1
end_of_record
SF:lib/reducers/app_state_reducer.dart
DA:6,1
DA:7,1
DA:8,3
DA:9,3
DA:10,3
LF:5
LH:5
end_of_record
SF:lib/reducers/counter_reducer.dart
DA:4,4
DA:5,1
DA:6,1
DA:7,1
DA:10,1
DA:11,1
DA:14,1
DA:15,1
DA:18,1
DA:19,1
LF:10
LH:10
end_of_record
SF:lib/reducers/is_loading_reduer.dart
DA:4,4
DA:5,2
DA:6,2
DA:7,2
LF:4
LH:4
end_of_record
SF:lib/reducers/counter_exception_reducer.dart
DA:4,4
DA:5,1
DA:6,2
DA:9,1
DA:10,1
LF:5
LH:5
end_of_record
SF:lib/middlewares/regist_counter.dart
DA:6,0
DA:7,0
DA:8,0
DA:9,0
DA:13,1
DA:14,1
DA:15,1
DA:17,2
DA:18,2
DA:20,2
DA:22,1
DA:23,1
DA:30,0
DA:31,0
DA:34,0
DA:35,0
DA:36,0
DA:37,0
DA:39,0
LF:19
LH:8
end_of_record
SF:lib/containers/counter_container.dart
DA:9,2
DA:11,1
DA:13,1
DA:15,2
DA:16,1
DA:17,1
DA:18,1
DA:19,1
DA:20,1
DA:33,2
DA:39,2
DA:40,2
DA:41,4
DA:42,4
DA:43,1
DA:44,1
DA:49,1
DA:52,7
DA:54,0
DA:55,0
LF:20
LH:18
end_of_record
SF:lib/presentations/count_screen.dart
DA:8,1
DA:13,1
DA:15,1
DA:17,1
DA:18,1
DA:20,1
DA:21,2
DA:22,0
DA:23,0
DA:24,1
DA:25,0
DA:26,0
DA:27,0
DA:29,1
DA:30,2
DA:31,3
LF:16
LH:11
end_of_record
SF:lib/containers/home.dart
DA:9,0
DA:10,0
DA:13,0
DA:14,0
DA:15,0
DA:16,0
DA:17,0
DA:30,1
DA:35,1
DA:36,2
DA:37,2
DA:38,1
DA:39,1
DA:40,1
DA:43,0
DA:46,0
DA:48,0
DA:50,0
DA:51,0
LF:19
LH:7
end_of_record
SF:lib/presentations/home_screen.dart
DA:8,1
DA:12,1
DA:14,1
DA:16,1
DA:17,1
DA:18,1
DA:20,1
DA:21,1
DA:24,1
DA:25,1
DA:27,1
DA:29,1
DA:31,1
DA:33,1
DA:35,1
LF:15
LH:15
end_of_record
SF:lib/containers/load_counter.dart
DA:10,2
DA:12,1
DA:14,1
DA:16,1
DA:17,1
DA:19,2
DA:20,1
DA:21,2
DA:31,1
DA:33,1
DA:34,3
DA:37,0
DA:40,0
DA:41,0
DA:42,0
DA:44,0
DA:45,0
LF:17
LH:11
end_of_record
SF:lib/presentations/loading_indicator.dart
DA:4,0
DA:6,0
DA:8,0
LF:3
LH:0
end_of_record
SF:lib/util/keys.dart
DA:4,2
DA:5,2
LF:2
LH:2
end_of_record
